aa
[2024-08-26T12:03:50.543Z] [ERROR] Error: Test error
Stack: Error: Test error
    at C:\backend\routes\doctorRoutes.js:15:11
    at Layer.handle [as handle_request] (C:\backend\node_modules\express\lib\router\layer.js:95:5)
    at next (C:\backend\node_modules\express\lib\router\route.js:149:13)
    at Route.dispatch (C:\backend\node_modules\express\lib\router\route.js:119:3)
    at Layer.handle [as handle_request] (C:\backend\node_modules\express\lib\router\layer.js:95:5)
    at C:\backend\node_modules\express\lib\router\index.js:284:15
    at Function.process_params (C:\backend\node_modules\express\lib\router\index.js:346:12)
    at next (C:\backend\node_modules\express\lib\router\index.js:280:10)
    at Function.handle (C:\backend\node_modules\express\lib\router\index.js:175:3)
    at router (C:\backend\node_modules\express\lib\router\index.js:47:12)
[2024-08-26T12:05:45.254Z] [ERROR] Error: Test error
Stack: Error: Test error
    at C:\backend\routes\doctorRoutes.js:15:11
    at Layer.handle [as handle_request] (C:\backend\node_modules\express\lib\router\layer.js:95:5)
    at next (C:\backend\node_modules\express\lib\router\route.js:149:13)
    at Route.dispatch (C:\backend\node_modules\express\lib\router\route.js:119:3)
    at Layer.handle [as handle_request] (C:\backend\node_modules\express\lib\router\layer.js:95:5)
    at C:\backend\node_modules\express\lib\router\index.js:284:15
    at Function.process_params (C:\backend\node_modules\express\lib\router\index.js:346:12)
    at next (C:\backend\node_modules\express\lib\router\index.js:280:10)
    at Function.handle (C:\backend\node_modules\express\lib\router\index.js:175:3)
    at router (C:\backend\node_modules\express\lib\router\index.js:47:12)
[2024-08-26T12:08:14.273Z] [ERROR] Error: Validation error
Stack: Error
    at Query.run (C:\backend\node_modules\sequelize\lib\dialects\postgres\query.js:50:25)
    at C:\backend\node_modules\sequelize\lib\sequelize.js:315:28
    at process.processTicksAndRejections (node:internal/process/task_queues:95:5)
    at async PostgresQueryInterface.insert (C:\backend\node_modules\sequelize\lib\dialects\abstract\query-interface.js:308:21)
    at async model.save (C:\backend\node_modules\sequelize\lib\model.js:2490:35)
    at async Doctor.create (C:\backend\node_modules\sequelize\lib\model.js:1362:12)
    at async addDoctors (C:\backend\controllers\doctorController.js:24:24)
[2024-08-26T12:09:22.393Z] [ERROR] Error: Validation error
Stack: Error
    at Query.run (C:\backend\node_modules\sequelize\lib\dialects\postgres\query.js:50:25)
    at C:\backend\node_modules\sequelize\lib\sequelize.js:315:28
    at process.processTicksAndRejections (node:internal/process/task_queues:95:5)
    at async PostgresQueryInterface.insert (C:\backend\node_modules\sequelize\lib\dialects\abstract\query-interface.js:308:21)
    at async model.save (C:\backend\node_modules\sequelize\lib\model.js:2490:35)
    at async Doctor.create (C:\backend\node_modules\sequelize\lib\model.js:1362:12)
    at async addDoctors (C:\backend\controllers\doctorController.js:24:24)
